<?xml version="1.0" encoding="UTF-8"?>
<!-- Generated by org.testng.reporters.JUnitXMLReporter -->
<testsuite ignored="0" hostname="Abhilash" failures="6" tests="96" name="Test" time="144.929" errors="0" timestamp="2022-09-15T12:22:11 IST">
  <testcase classname="prac1.com.Immunization" name="Test_Case1" time="8.76">
    <failure type="java.lang.AssertionError" message="expected [141] but found [140]">
      <![CDATA[java.lang.AssertionError: expected [141] but found [140]
at prac1.com.Immunization.Test_Case1(Immunization.java:30)
at java.base/java.util.ArrayList.forEach(ArrayList.java:1511)
... Removed 30 stack frames]]>
    </failure>
  </testcase> <!-- Test_Case1 -->
  <testcase classname="prac1.com.Immunization" name="Test_Case2" time="1.24"/>
  <testcase classname="prac1.com.Immunization" name="Test_Case3" time="1.243"/>
  <testcase classname="prac1.com.Immunization" name="Test_Case4" time="1.288"/>
  <testcase classname="prac1.com.Immunization" name="Test_Case5" time="1.246"/>
  <testcase classname="prac1.com.Immunization" name="Test_Case6" time="1.252"/>
  <testcase classname="prac1.com.Immunization" name="Test_Case7" time="1.271"/>
  <testcase classname="prac1.com.AllergyIntolerance" name="Test_Case1" time="1.404"/>
  <testcase classname="prac1.com.AllergyIntolerance" name="Test_Case2" time="1.273"/>
  <testcase classname="prac1.com.AllergyIntolerance" name="Test_Case3" time="1.193"/>
  <testcase classname="prac1.com.AllergyIntolerance" name="Test_Case4" time="1.222"/>
  <testcase classname="prac1.com.AllergyIntolerance" name="Test_Case5" time="1.205"/>
  <testcase classname="prac1.com.AllergyIntolerance" name="Test_Case6" time="1.234"/>
  <testcase classname="prac1.com.Condition" name="Test_Case1" time="1.236"/>
  <testcase classname="prac1.com.Condition" name="Test_Case2" time="1.346"/>
  <testcase classname="prac1.com.Condition" name="Test_Case3" time="1.233"/>
  <testcase classname="prac1.com.Condition" name="Test_Case4" time="1.215"/>
  <testcase classname="prac1.com.Condition" name="Test_Case5" time="1.221"/>
  <testcase classname="prac1.com.Condition" name="Test_Case6" time="1.187"/>
  <testcase classname="prac1.com.Condition" name="Test_Case7" time="1.246"/>
  <testcase classname="prac1.com.Condition" name="Test_Case8" time="1.205"/>
  <testcase classname="prac1.com.Condition" name="Test_Case9" time="1.227"/>
  <testcase classname="prac1.com.Condition" name="Test_Case10" time="1.219"/>
  <testcase classname="prac1.com.Condition" name="Test_Case11" time="1.228"/>
  <testcase classname="prac1.com.Condition" name="Test_Case12" time="1.228"/>
  <testcase classname="prac1.com.Encounter" name="Test_Case1" time="1.263"/>
  <testcase classname="prac1.com.Encounter" name="Test_Case2" time="1.23"/>
  <testcase classname="prac1.com.Encounter" name="Test_Case3" time="1.297"/>
  <testcase classname="prac1.com.Encounter" name="Test_Case4" time="1.232"/>
  <testcase classname="prac1.com.Encounter" name="Test_Case5" time="1.182"/>
  <testcase classname="prac1.com.Encounter" name="Test_Case6" time="1.353"/>
  <testcase classname="prac1.com.Encounter" name="Test_Case7" time="1.184"/>
  <testcase classname="prac1.com.Encounter" name="Test_Case8" time="1.213"/>
  <testcase classname="prac1.com.Encounter" name="Test_Case9" time="1.218"/>
  <testcase classname="prac1.com.Encounter" name="Test_Case10" time="1.207"/>
  <testcase classname="prac1.com.MedicationRequest" name="Test_Case1" time="1.237"/>
  <testcase classname="prac1.com.MedicationRequest" name="Test_Case2" time="1.302"/>
  <testcase classname="prac1.com.MedicationRequest" name="Test_Case3" time="1.259">
    <failure type="java.lang.AssertionError" message="1 expectation failed.
Expected status code &amp;lt;200&amp;gt; but was &amp;lt;500&amp;gt;.
">
      <![CDATA[java.lang.AssertionError: 1 expectation failed.
Expected status code <200> but was <500>.

at org.codehaus.groovy.runtime.callsite.ConstructorSite$ConstructorSiteNoUnwrapNoCoerce.callConstructor(ConstructorSite.java:108)
at org.codehaus.groovy.runtime.callsite.CallSiteArray.defaultCallConstructor(CallSiteArray.java:58)
at org.codehaus.groovy.runtime.callsite.AbstractCallSite.callConstructor(AbstractCallSite.java:263)
at org.codehaus.groovy.runtime.callsite.AbstractCallSite.callConstructor(AbstractCallSite.java:277)
at io.restassured.internal.ResponseSpecificationImpl$HamcrestAssertionClosure.validate(ResponseSpecificationImpl.groovy:512)
at io.restassured.internal.ResponseSpecificationImpl$HamcrestAssertionClosure$validate$1.call(Unknown Source)
at io.restassured.internal.ResponseSpecificationImpl.validateResponseIfRequired(ResponseSpecificationImpl.groovy:696)
at io.restassured.internal.ResponseSpecificationImpl.this$2$validateResponseIfRequired(ResponseSpecificationImpl.groovy)
at org.codehaus.groovy.runtime.callsite.PlainObjectMetaMethodSite.doInvoke(PlainObjectMetaMethodSite.java:43)
at org.codehaus.groovy.runtime.callsite.PogoMetaMethodSite$PogoCachedMethodSiteNoUnwrapNoCoerce.invoke(PogoMetaMethodSite.java:198)
at org.codehaus.groovy.runtime.callsite.PogoMetaMethodSite.callCurrent(PogoMetaMethodSite.java:62)
at org.codehaus.groovy.runtime.callsite.AbstractCallSite.callCurrent(AbstractCallSite.java:185)
at io.restassured.internal.ResponseSpecificationImpl.statusCode(ResponseSpecificationImpl.groovy:135)
at io.restassured.specification.ResponseSpecification$statusCode$0.callCurrent(Unknown Source)
at io.restassured.internal.ResponseSpecificationImpl.statusCode(ResponseSpecificationImpl.groovy:143)
at io.restassured.internal.ValidatableResponseOptionsImpl.statusCode(ValidatableResponseOptionsImpl.java:89)
at prac1.com.Common_Method.get(Common_Method.java:22)
at prac1.com.MedicationRequest.Test_Case3(MedicationRequest.java:58)
at java.base/java.util.ArrayList.forEach(ArrayList.java:1511)
... Removed 31 stack frames]]>
    </failure>
  </testcase> <!-- Test_Case3 -->
  <testcase classname="prac1.com.MedicationRequest" name="Test_Case4" time="1.306"/>
  <testcase classname="prac1.com.MedicationRequest" name="Test_Case5" time="1.201"/>
  <testcase classname="prac1.com.MedicationRequest" name="Test_Case6" time="9.314"/>
  <testcase classname="prac1.com.MedicationRequest" name="Test_Case7" time="1.217"/>
  <testcase classname="prac1.com.MedicationRequest" name="Test_Case8" time="1.518"/>
  <testcase classname="prac1.com.MedicationRequest" name="Test_Case9" time="1.317">
    <failure type="java.lang.AssertionError" message="1 expectation failed.
Expected status code &amp;lt;200&amp;gt; but was &amp;lt;500&amp;gt;.
">
      <![CDATA[java.lang.AssertionError: 1 expectation failed.
Expected status code <200> but was <500>.

at org.codehaus.groovy.runtime.callsite.ConstructorSite$ConstructorSiteNoUnwrapNoCoerce.callConstructor(ConstructorSite.java:108)
at org.codehaus.groovy.runtime.callsite.AbstractCallSite.callConstructor(AbstractCallSite.java:277)
at io.restassured.internal.ResponseSpecificationImpl$HamcrestAssertionClosure.validate(ResponseSpecificationImpl.groovy:512)
at io.restassured.internal.ResponseSpecificationImpl$HamcrestAssertionClosure$validate$1.call(Unknown Source)
at io.restassured.internal.ResponseSpecificationImpl.validateResponseIfRequired(ResponseSpecificationImpl.groovy:696)
at io.restassured.internal.ResponseSpecificationImpl.this$2$validateResponseIfRequired(ResponseSpecificationImpl.groovy)
at org.codehaus.groovy.runtime.callsite.PlainObjectMetaMethodSite.doInvoke(PlainObjectMetaMethodSite.java:43)
at org.codehaus.groovy.runtime.callsite.PogoMetaMethodSite$PogoCachedMethodSiteNoUnwrapNoCoerce.invoke(PogoMetaMethodSite.java:198)
at org.codehaus.groovy.runtime.callsite.PogoMetaMethodSite.callCurrent(PogoMetaMethodSite.java:62)
at org.codehaus.groovy.runtime.callsite.AbstractCallSite.callCurrent(AbstractCallSite.java:185)
at io.restassured.internal.ResponseSpecificationImpl.statusCode(ResponseSpecificationImpl.groovy:135)
at io.restassured.specification.ResponseSpecification$statusCode$0.callCurrent(Unknown Source)
at io.restassured.internal.ResponseSpecificationImpl.statusCode(ResponseSpecificationImpl.groovy:143)
at io.restassured.internal.ValidatableResponseOptionsImpl.statusCode(ValidatableResponseOptionsImpl.java:89)
at prac1.com.Common_Method.get(Common_Method.java:22)
at prac1.com.MedicationRequest.Test_Case9(MedicationRequest.java:132)
at java.base/java.util.ArrayList.forEach(ArrayList.java:1511)
... Removed 31 stack frames]]>
    </failure>
  </testcase> <!-- Test_Case9 -->
  <testcase classname="prac1.com.MedicationRequest" name="Test_Case10" time="1.274"/>
  <testcase classname="prac1.com.MedicationRequest" name="Test_Case11" time="1.296"/>
  <testcase classname="prac1.com.Observation" name="Test_Case1" time="1.374"/>
  <testcase classname="prac1.com.Observation" name="Test_Case2" time="1.223"/>
  <testcase classname="prac1.com.Observation" name="Test_Case3" time="1.219"/>
  <testcase classname="prac1.com.Observation" name="Test_Case4" time="1.215"/>
  <testcase classname="prac1.com.Observation" name="Test_Case5" time="1.309"/>
  <testcase classname="prac1.com.Observation" name="Test_Case6" time="1.197"/>
  <testcase classname="prac1.com.Observation" name="Test_Case7" time="1.18"/>
  <testcase classname="prac1.com.Observation" name="Test_Case8" time="1.239"/>
  <testcase classname="prac1.com.Observation" name="Test_Case9" time="1.197"/>
  <testcase classname="prac1.com.Observation" name="Test_Case10" time="1.218"/>
  <testcase classname="prac1.com.Observation" name="Test_Case11" time="1.218"/>
  <testcase classname="prac1.com.Observation" name="Test_Case12" time="1.211"/>
  <testcase classname="prac1.com.Observation" name="Test_Case13" time="1.309"/>
  <testcase classname="prac1.com.Patient" name="Test_Case1" time="2.44"/>
  <testcase classname="prac1.com.Patient" name="Test_Case2" time="1.233">
    <failure type="java.lang.AssertionError" message="1 expectation failed.
Expected status code &amp;lt;200&amp;gt; but was &amp;lt;400&amp;gt;.
">
      <![CDATA[java.lang.AssertionError: 1 expectation failed.
Expected status code <200> but was <400>.

at org.codehaus.groovy.runtime.callsite.ConstructorSite$ConstructorSiteNoUnwrapNoCoerce.callConstructor(ConstructorSite.java:108)
at org.codehaus.groovy.runtime.callsite.AbstractCallSite.callConstructor(AbstractCallSite.java:277)
at io.restassured.internal.ResponseSpecificationImpl$HamcrestAssertionClosure.validate(ResponseSpecificationImpl.groovy:512)
at io.restassured.internal.ResponseSpecificationImpl$HamcrestAssertionClosure$validate$1.call(Unknown Source)
at io.restassured.internal.ResponseSpecificationImpl.validateResponseIfRequired(ResponseSpecificationImpl.groovy:696)
at io.restassured.internal.ResponseSpecificationImpl.this$2$validateResponseIfRequired(ResponseSpecificationImpl.groovy)
at org.codehaus.groovy.runtime.callsite.PlainObjectMetaMethodSite.doInvoke(PlainObjectMetaMethodSite.java:43)
at org.codehaus.groovy.runtime.callsite.PogoMetaMethodSite$PogoCachedMethodSiteNoUnwrapNoCoerce.invoke(PogoMetaMethodSite.java:198)
at org.codehaus.groovy.runtime.callsite.PogoMetaMethodSite.callCurrent(PogoMetaMethodSite.java:62)
at org.codehaus.groovy.runtime.callsite.AbstractCallSite.callCurrent(AbstractCallSite.java:185)
at io.restassured.internal.ResponseSpecificationImpl.statusCode(ResponseSpecificationImpl.groovy:135)
at io.restassured.specification.ResponseSpecification$statusCode$0.callCurrent(Unknown Source)
at io.restassured.internal.ResponseSpecificationImpl.statusCode(ResponseSpecificationImpl.groovy:143)
at io.restassured.internal.ValidatableResponseOptionsImpl.statusCode(ValidatableResponseOptionsImpl.java:89)
at prac1.com.Common_Method.get(Common_Method.java:22)
at prac1.com.Patient.Test_Case2(Patient.java:42)
at java.base/java.util.ArrayList.forEach(ArrayList.java:1511)
... Removed 31 stack frames]]>
    </failure>
  </testcase> <!-- Test_Case2 -->
  <testcase classname="prac1.com.Patient" name="Test_Case3" time="6.048"/>
  <testcase classname="prac1.com.Patient" name="Test_Case4" time="1.869"/>
  <testcase classname="prac1.com.Patient" name="Test_Case5" time="1.7"/>
  <testcase classname="prac1.com.Patient" name="Test_Case6" time="1.213"/>
  <testcase classname="prac1.com.Patient" name="Test_Case7" time="1.599"/>
  <testcase classname="prac1.com.Patient" name="Test_Case8" time="1.241">
    <failure type="java.lang.AssertionError" message="1 expectation failed.
Expected status code &amp;lt;200&amp;gt; but was &amp;lt;400&amp;gt;.
">
      <![CDATA[java.lang.AssertionError: 1 expectation failed.
Expected status code <200> but was <400>.

at org.codehaus.groovy.runtime.callsite.ConstructorSite$ConstructorSiteNoUnwrapNoCoerce.callConstructor(ConstructorSite.java:108)
at org.codehaus.groovy.runtime.callsite.AbstractCallSite.callConstructor(AbstractCallSite.java:277)
at io.restassured.internal.ResponseSpecificationImpl$HamcrestAssertionClosure.validate(ResponseSpecificationImpl.groovy:512)
at io.restassured.internal.ResponseSpecificationImpl$HamcrestAssertionClosure$validate$1.call(Unknown Source)
at io.restassured.internal.ResponseSpecificationImpl.validateResponseIfRequired(ResponseSpecificationImpl.groovy:696)
at io.restassured.internal.ResponseSpecificationImpl.this$2$validateResponseIfRequired(ResponseSpecificationImpl.groovy)
at org.codehaus.groovy.runtime.callsite.PlainObjectMetaMethodSite.doInvoke(PlainObjectMetaMethodSite.java:43)
at org.codehaus.groovy.runtime.callsite.PogoMetaMethodSite$PogoCachedMethodSiteNoUnwrapNoCoerce.invoke(PogoMetaMethodSite.java:198)
at org.codehaus.groovy.runtime.callsite.PogoMetaMethodSite.callCurrent(PogoMetaMethodSite.java:62)
at org.codehaus.groovy.runtime.callsite.AbstractCallSite.callCurrent(AbstractCallSite.java:185)
at io.restassured.internal.ResponseSpecificationImpl.statusCode(ResponseSpecificationImpl.groovy:135)
at io.restassured.specification.ResponseSpecification$statusCode$0.callCurrent(Unknown Source)
at io.restassured.internal.ResponseSpecificationImpl.statusCode(ResponseSpecificationImpl.groovy:143)
at io.restassured.internal.ValidatableResponseOptionsImpl.statusCode(ValidatableResponseOptionsImpl.java:89)
at prac1.com.Common_Method.get(Common_Method.java:22)
at prac1.com.Patient.Test_Case8(Patient.java:110)
at java.base/java.util.ArrayList.forEach(ArrayList.java:1511)
... Removed 31 stack frames]]>
    </failure>
  </testcase> <!-- Test_Case8 -->
  <testcase classname="prac1.com.Patient" name="Test_Case9" time="1.551"/>
  <testcase classname="prac1.com.Patient" name="Test_Case10" time="1.19"/>
  <testcase classname="prac1.com.Patient" name="Test_Case11" time="1.382"/>
  <testcase classname="prac1.com.Patient" name="Test_Case12" time="1.195"/>
  <testcase classname="prac1.com.Patient" name="Test_Case13" time="1.284">
    <failure type="java.lang.AssertionError" message="1 expectation failed.
Expected status code &amp;lt;200&amp;gt; but was &amp;lt;400&amp;gt;.
">
      <![CDATA[java.lang.AssertionError: 1 expectation failed.
Expected status code <200> but was <400>.

at org.codehaus.groovy.runtime.callsite.ConstructorSite$ConstructorSiteNoUnwrapNoCoerce.callConstructor(ConstructorSite.java:108)
at org.codehaus.groovy.runtime.callsite.AbstractCallSite.callConstructor(AbstractCallSite.java:277)
at io.restassured.internal.ResponseSpecificationImpl$HamcrestAssertionClosure.validate(ResponseSpecificationImpl.groovy:512)
at io.restassured.internal.ResponseSpecificationImpl$HamcrestAssertionClosure$validate$1.call(Unknown Source)
at io.restassured.internal.ResponseSpecificationImpl.validateResponseIfRequired(ResponseSpecificationImpl.groovy:696)
at io.restassured.internal.ResponseSpecificationImpl.this$2$validateResponseIfRequired(ResponseSpecificationImpl.groovy)
at org.codehaus.groovy.runtime.callsite.PlainObjectMetaMethodSite.doInvoke(PlainObjectMetaMethodSite.java:43)
at org.codehaus.groovy.runtime.callsite.PogoMetaMethodSite$PogoCachedMethodSiteNoUnwrapNoCoerce.invoke(PogoMetaMethodSite.java:198)
at org.codehaus.groovy.runtime.callsite.PogoMetaMethodSite.callCurrent(PogoMetaMethodSite.java:62)
at org.codehaus.groovy.runtime.callsite.AbstractCallSite.callCurrent(AbstractCallSite.java:185)
at io.restassured.internal.ResponseSpecificationImpl.statusCode(ResponseSpecificationImpl.groovy:135)
at io.restassured.specification.ResponseSpecification$statusCode$0.callCurrent(Unknown Source)
at io.restassured.internal.ResponseSpecificationImpl.statusCode(ResponseSpecificationImpl.groovy:143)
at io.restassured.internal.ValidatableResponseOptionsImpl.statusCode(ValidatableResponseOptionsImpl.java:89)
at prac1.com.Common_Method.get(Common_Method.java:22)
at prac1.com.Patient.Test_Case13(Patient.java:168)
at java.base/java.util.ArrayList.forEach(ArrayList.java:1511)
... Removed 31 stack frames]]>
    </failure>
  </testcase> <!-- Test_Case13 -->
  <testcase classname="prac1.com.Patient" name="Test_Case14" time="1.409"/>
  <testcase classname="prac1.com.Patient" name="Test_Case15" time="1.374"/>
  <testcase classname="prac1.com.Patient" name="Test_Case16" time="1.48"/>
  <testcase classname="prac1.com.Procedure" name="Test_Case1" time="1.22"/>
  <testcase classname="prac1.com.Procedure" name="Test_Case2" time="1.253"/>
  <testcase classname="prac1.com.Procedure" name="Test_Case3" time="1.275"/>
  <testcase classname="prac1.com.Procedure" name="Test_Case4" time="1.23"/>
  <testcase classname="prac1.com.Procedure" name="Test_Case5" time="1.19"/>
  <testcase classname="prac1.com.Procedure" name="Test_Case6" time="1.56"/>
  <testcase classname="prac1.com.Procedure" name="Test_Case7" time="1.217"/>
  <testcase classname="prac1.com.Procedure" name="Test_Case8" time="1.427"/>
  <testcase classname="prac1.com.Procedure" name="Test_Case9" time="1.244"/>
  <testcase classname="prac1.com.Procedure" name="Test_Case10" time="1.51"/>
  <testcase classname="prac1.com.ServiceRequest" name="Test_Case1" time="1.256"/>
  <testcase classname="prac1.com.ServiceRequest" name="Test_Case2" time="1.21"/>
  <testcase classname="prac1.com.ServiceRequest" name="Test_Case3" time="1.25"/>
  <testcase classname="prac1.com.ServiceRequest" name="Test_Case4" time="1.22"/>
  <testcase classname="prac1.com.ServiceRequest" name="Test_Case5" time="1.2"/>
  <testcase classname="prac1.com.ServiceRequest" name="Test_Case7" time="1.211"/>
  <testcase classname="prac1.com.ServiceRequest" name="Test_Case8" time="1.205"/>
  <testcase classname="prac1.com.ServiceRequest" name="Test_Case9" time="1.216"/>
  <testcase classname="prac1.com.ServiceRequest" name="Test_Case10" time="1.306"/>
  <testcase classname="prac1.com.ServiceRequest" name="Test_Case11" time="1.231"/>
  <testcase classname="prac1.com.ServiceRequest" name="Test_Case12" time="1.175"/>
</testsuite> <!-- Test -->
